{"/home/vikun/frontend-project-46/src/genDiff.js": {"path":"/home/vikun/frontend-project-46/src/genDiff.js","all":false,"statementMap":{"0":{"start":{"line":1,"column":0},"end":{"line":1,"column":23}},"1":{"start":{"line":2,"column":0},"end":{"line":2,"column":0}},"2":{"start":{"line":3,"column":0},"end":{"line":3,"column":35}},"3":{"start":{"line":4,"column":0},"end":{"line":4,"column":60}},"4":{"start":{"line":5,"column":0},"end":{"line":5,"column":0}},"5":{"start":{"line":6,"column":0},"end":{"line":6,"column":41}},"6":{"start":{"line":7,"column":0},"end":{"line":7,"column":42}},"7":{"start":{"line":8,"column":0},"end":{"line":8,"column":39}},"8":{"start":{"line":9,"column":0},"end":{"line":9,"column":5}},"9":{"start":{"line":10,"column":0},"end":{"line":10,"column":42}},"10":{"start":{"line":11,"column":0},"end":{"line":11,"column":39}},"11":{"start":{"line":12,"column":0},"end":{"line":12,"column":5}},"12":{"start":{"line":13,"column":0},"end":{"line":13,"column":45}},"13":{"start":{"line":14,"column":0},"end":{"line":14,"column":14}},"14":{"start":{"line":15,"column":0},"end":{"line":15,"column":34}},"15":{"start":{"line":16,"column":0},"end":{"line":16,"column":34}},"16":{"start":{"line":17,"column":0},"end":{"line":17,"column":8}},"17":{"start":{"line":18,"column":0},"end":{"line":18,"column":5}},"18":{"start":{"line":19,"column":0},"end":{"line":19,"column":35}},"19":{"start":{"line":20,"column":0},"end":{"line":20,"column":5}},"20":{"start":{"line":21,"column":0},"end":{"line":21,"column":0}},"21":{"start":{"line":22,"column":0},"end":{"line":22,"column":52}},"22":{"start":{"line":23,"column":0},"end":{"line":23,"column":0}},"23":{"start":{"line":24,"column":0},"end":{"line":24,"column":67}},"24":{"start":{"line":25,"column":0},"end":{"line":25,"column":2}},"25":{"start":{"line":26,"column":0},"end":{"line":26,"column":0}},"26":{"start":{"line":27,"column":0},"end":{"line":27,"column":23}}},"s":{"0":1,"1":1,"2":1,"3":4,"4":4,"5":4,"6":9,"7":1,"8":1,"9":9,"10":4,"11":4,"12":9,"13":1,"14":1,"15":1,"16":1,"17":1,"18":3,"19":4,"20":4,"21":4,"22":4,"23":4,"24":4,"25":1,"26":1},"branchMap":{"0":{"type":"branch","line":3,"loc":{"start":{"line":3,"column":16},"end":{"line":25,"column":2}},"locations":[{"start":{"line":3,"column":16},"end":{"line":25,"column":2}}]},"1":{"type":"branch","line":24,"loc":{"start":{"line":24,"column":26},"end":{"line":24,"column":59}},"locations":[{"start":{"line":24,"column":26},"end":{"line":24,"column":59}}]},"2":{"type":"branch","line":24,"loc":{"start":{"line":24,"column":59},"end":{"line":24,"column":66}},"locations":[{"start":{"line":24,"column":59},"end":{"line":24,"column":66}}]},"3":{"type":"branch","line":6,"loc":{"start":{"line":6,"column":32},"end":{"line":20,"column":3}},"locations":[{"start":{"line":6,"column":32},"end":{"line":20,"column":3}}]},"4":{"type":"branch","line":7,"loc":{"start":{"line":7,"column":23},"end":{"line":7,"column":39}},"locations":[{"start":{"line":7,"column":23},"end":{"line":7,"column":39}}]},"5":{"type":"branch","line":7,"loc":{"start":{"line":7,"column":41},"end":{"line":9,"column":5}},"locations":[{"start":{"line":7,"column":41},"end":{"line":9,"column":5}}]},"6":{"type":"branch","line":9,"loc":{"start":{"line":9,"column":4},"end":{"line":10,"column":39}},"locations":[{"start":{"line":9,"column":4},"end":{"line":10,"column":39}}]},"7":{"type":"branch","line":10,"loc":{"start":{"line":10,"column":41},"end":{"line":13,"column":44}},"locations":[{"start":{"line":10,"column":41},"end":{"line":13,"column":44}}]},"8":{"type":"branch","line":13,"loc":{"start":{"line":13,"column":44},"end":{"line":18,"column":5}},"locations":[{"start":{"line":13,"column":44},"end":{"line":18,"column":5}}]},"9":{"type":"branch","line":18,"loc":{"start":{"line":18,"column":4},"end":{"line":20,"column":3}},"locations":[{"start":{"line":18,"column":4},"end":{"line":20,"column":3}}]}},"b":{"0":[4],"1":[3],"2":[1],"3":[9],"4":[1],"5":[1],"6":[8],"7":[4],"8":[1],"9":[3]},"fnMap":{"0":{"name":"genDiff","decl":{"start":{"line":3,"column":16},"end":{"line":25,"column":2}},"loc":{"start":{"line":3,"column":16},"end":{"line":25,"column":2}},"line":3}},"f":{"0":4}}
}
